[2/14/2026, 6:17:59 PM] Change detected in: xd.zip
[2/14/2026, 6:18:06 PM] Upload success: https://www.rootz.so/d/22iU08
[2/14/2026, 6:18:07 PM] Discord notification sent.
[2/14/2026, 6:58:57 PM] Change detected in: _autosave3.zip
[2/14/2026, 6:59:02 PM] Upload success: https://www.rootz.so/d/1SRoIK
[2/14/2026, 6:59:03 PM] Discord notification sent.
[2/14/2026, 7:33:24 PM] Change detected in: xd.zip
[2/14/2026, 7:33:30 PM] Upload success: https://www.rootz.so/d/1sVsvI
[2/14/2026, 7:33:33 PM] Discord notification sent.
[2/14/2026, 7:47:38 PM] Change detected in: xd.zip
[2/14/2026, 7:47:42 PM] Upload success: https://www.rootz.so/d/1n6wHw
[2/14/2026, 7:47:44 PM] Discord notification sent.
[2/14/2026, 8:32:16 PM] Change detected in: xd.zip
[2/14/2026, 8:32:22 PM] Upload success: https://www.rootz.so/d/299A3M
[2/14/2026, 8:32:22 PM] Discord notification sent.
[2/15/2026, 11:27:12 PM] Change detected in: xd.zip
[2/15/2026, 11:27:37 PM] Upload success: https://www.rootz.so/d/XgATI
[2/15/2026, 11:27:38 PM] Discord notification sent.
[6/17/2026, 9:07:09 PM] Change detected in: _autosave-test_1781744779713.zip
[6/17/2026, 9:07:18 PM] Change detected in: _autosave-test_1781744779713.zip
[6/17/2026, 9:10:00 PM] Change detected in: _autosave-test_1781744994009.zip
[6/17/2026, 9:30:18 PM] Change detected in: _autosave-test_1781746213378.zip
[6/17/2026, 9:33:03 PM] Change detected in: _autosave-test_1781746271333.zip
[6/17/2026, 9:33:22 PM] Change detected in: _autosave-test_1781746271333.zip
[6/17/2026, 9:37:34 PM] Change detected in: _autosave-test_1781746271333.zip
[6/17/2026, 9:37:55 PM] Change detected in: _autosave-test_1781746271333.zip
[6/17/2026, 9:38:08 PM] Change detected in: _autosave-test_1781746271333.zip
[6/17/2026, 9:41:57 PM] Change detected in: _autosave-test_1781746271333.zip
[6/17/2026, 9:43:03 PM] Change detected in: _autosave-test_1781746271333.zip
[6/17/2026, 9:43:37 PM] Change detected in: _autosave-test_1781746271333.zip
[6/17/2026, 9:43:45 PM] Change detected in: _autosave-test_1781746271333.zip
[6/17/2026, 9:44:13 PM] Change detected in: _autosave-test_1781746271333.zip
[6/17/2026, 9:45:36 PM] Change detected in: _autosave-test_1781746271333.zip
[6/17/2026, 9:45:52 PM] Change detected in: _autosave-test_1781746271333.zip
[6/17/2026, 9:49:34 PM] Change detected in: _autosave-test_1781746271333.zip
[6/17/2026, 9:49:43 PM] Change detected in: _autosave-test_1781746271333.zip
[6/17/2026, 9:54:29 PM] Change detected in: _autosave-test_1781746271333.zip
[6/17/2026, 9:59:29 PM] Change detected in: _autosave-test_1781746271333.zip
[6/17/2026, 10:04:29 PM] Change detected in: _autosave-test_1781746271333.zip
[6/17/2026, 10:13:47 PM] Change detected in: _autosave-test_1781748544953.zip
[6/17/2026, 10:18:47 PM] Change detected in: _autosave-test_1781748544953.zip
[6/17/2026, 10:23:47 PM] Change detected in: _autosave-test_1781748544953.zip
[6/17/2026, 10:29:07 PM] Change detected in: _autosave-test_1781748544953.zip
[6/17/2026, 10:31:45 PM] Change detected in: _autosave-test_1781748544953.zip
[6/17/2026, 10:31:47 PM] Upload success: https://drive.google.com/file/d/1ej78-hQl0KbrqJMU54bUb8hENQQ2UT30/view?usp=drivesdk
[6/25/2026, 9:17:01 AM] Change detected in: _autosave-test_1782393404144.zip
[6/25/2026, 9:17:59 AM] Change detected in: _autosave-test_1782393404144.zip
[6/25/2026, 9:18:00 AM] Upload success: https://drive.google.com/file/d/1t2apnIULYHOBP0ZKOIOMNqchhJS1FEHD/view?usp=drivesdk
